<?xml version="1.0" encoding="UTF-8"?>
<!-- Generated by org.testng.reporters.JUnitReportReporter -->
<testsuite hostname="DESKTOP-3LVC8ES" failures="0" tests="1" name="TestCase.TravelnsuranceTest" time="26.645" errors="0" timestamp="2021-07-21T12:36:55 IST" skipped="0">
  <testcase classname="TestCase.TravelnsuranceTest" name="InsurancePlanTest" time="26.645"/>
  <system-out/>
</testsuite> <!-- TestCase.TravelnsuranceTest -->
