<?xml version="1.0" encoding="UTF-8"?>
<!-- Generated by org.testng.reporters.JUnitReportReporter -->
<testsuite hostname="DESKTOP-3LVC8ES" failures="0" tests="1" name="TestCase.HealthInsuranceTest" time="10.960" errors="0" timestamp="2021-07-21T12:36:55 IST" skipped="0">
  <testcase classname="TestCase.HealthInsuranceTest" name="HealthInsuranceMenuTest" time="10.960"/>
  <system-out/>
</testsuite> <!-- TestCase.HealthInsuranceTest -->
