<?xml version="1.0" encoding="UTF-8"?>
<!-- Generated by org.testng.reporters.JUnitReportReporter -->
<testsuite hostname="DESKTOP-3LVC8ES" failures="0" tests="2" name="TestCase.CarInsuranceTest" time="50.864" errors="0" timestamp="2021-07-21T12:36:55 IST" skipped="0">
  <testcase classname="TestCase.CarInsuranceTest" name="CarInsuranceQuoteTest" time="31.308"/>
  <system-out/>
  <testcase classname="TestCase.CarInsuranceTest" name="CarInsuranceQuoteTest" time="19.556"/>
  <system-out/>
</testsuite> <!-- TestCase.CarInsuranceTest -->
